zldhd/build/outputs/logs/manifest-merger-debug-report.txt
-- Merging decision tree log ---
manifest
ADDED from src\main\AndroidManifest.xml:2:1-205:12
INJECTED from src\main\AndroidManifest.xml:2:1-205:12
INJECTED from src\main\AndroidManifest.xml:2:1-205:12
INJECTED from src\main\AndroidManifest.xml:2:1-205:12
MERGED from [:library] AndroidManifest.xml:2:1-14:12
MERGED from [com.android.support:appcompat-v7:25.0.1] AndroidManifest.xml:17:1-27:12
MERGED from [com.android.support:support-v4:25.0.1] AndroidManifest.xml:17:1-27:12
MERGED from [com.android.support:animated-vector-drawable:25.0.1] AndroidManifest.xml:17:1-24:12
MERGED from [com.android.support:support-vector-drawable:25.0.1] AndroidManifest.xml:17:1-25:12
MERGED from [com.android.support:support-fragment:25.0.1] AndroidManifest.xml:17:1-27:12
MERGED from [com.android.support:support-media-compat:25.0.1] AndroidManifest.xml:17:1-27:12
MERGED from [com.android.support:support-core-utils:25.0.1] AndroidManifest.xml:17:1-27:12
MERGED from [com.android.support:support-core-ui:25.0.1] AndroidManifest.xml:17:1-27:12
MERGED from [com.android.support:support-compat:25.0.1] AndroidManifest.xml:17:1-27:12
INJECTED from src\main\AndroidManifest.xml:2:1-205:12
INJECTED from src\main\AndroidManifest.xml:2:1-205:12
INJECTED from src\main\AndroidManifest.xml:2:1-205:12
	package
		ADDED from src\main\AndroidManifest.xml:3:5-22
		INJECTED from src\main\AndroidManifest.xml
		INJECTED from src\main\AndroidManifest.xml
	android:versionName
		ADDED from src\main\AndroidManifest.xml:5:5-32
		INJECTED from src\main\AndroidManifest.xml
		INJECTED from src\main\AndroidManifest.xml
	xmlns:android
		ADDED from src\main\AndroidManifest.xml:2:11-69
	android:versionCode
		ADDED from src\main\AndroidManifest.xml:4:5-30
		INJECTED from src\main\AndroidManifest.xml
		INJECTED from src\main\AndroidManifest.xml
supports-screens
ADDED from src\main\AndroidManifest.xml:7:5-11:39
	android:largeScreens
		ADDED from src\main\AndroidManifest.xml:9:9-36
	android:smallScreens
		ADDED from src\main\AndroidManifest.xml:11:9-36
	android:normalScreens
		ADDED from src\main\AndroidManifest.xml:10:9-37
	android:anyDensity
		ADDED from src\main\AndroidManifest.xml:8:9-34
uses-feature#android.hardware.bluetooth_le
ADDED from src\main\AndroidManifest.xml:13:5-15:35
	android:required
		ADDED from src\main\AndroidManifest.xml:15:9-32
	android:name
		ADDED from src\main\AndroidManifest.xml:14:9-53
uses-permission#android.permission.BLUETOOTH
ADDED from src\main\AndroidManifest.xml:17:5-68
	android:name
		ADDED from src\main\AndroidManifest.xml:17:22-65
uses-permission#android.permission.BLUETOOTH_ADMIN
ADDED from src\main\AndroidManifest.xml:18:5-74
	android:name
		ADDED from src\main\AndroidManifest.xml:18:22-71
uses-permission#android.permission.READ_EXTERNAL_STORAGE
ADDED from src\main\AndroidManifest.xml:19:5-80
	android:name
		ADDED from src\main\AndroidManifest.xml:19:22-77
uses-permission#android.permission.WRITE_EXTERNAL_STORAGE
ADDED from src\main\AndroidManifest.xml:20:5-81
	android:name
		ADDED from src\main\AndroidManifest.xml:20:22-78
uses-permission#android.permission.MOUNT_UNMOUNT_FILESYSTEMS
ADDED from src\main\AndroidManifest.xml:21:5-84
	android:name
		ADDED from src\main\AndroidManifest.xml:21:22-81
uses-permission#android.permission.RECEIVE_BOOT_COMPLETED
ADDED from src\main\AndroidManifest.xml:22:5-81
	android:name
		ADDED from src\main\AndroidManifest.xml:22:22-78
uses-permission#android.permission.NFC
ADDED from src\main\AndroidManifest.xml:23:5-62
	android:name
		ADDED from src\main\AndroidManifest.xml:23:22-59
uses-permission#android.permission.CALL_PHONE
ADDED from src\main\AndroidManifest.xml:24:5-69
	android:name
		ADDED from src\main\AndroidManifest.xml:24:22-66
uses-permission#android.permission.GET_TASKS
ADDED from src\main\AndroidManifest.xml:25:5-68
	android:name
		ADDED from src\main\AndroidManifest.xml:25:22-65
uses-permission#android.permission.ACCESS_COARSE_LOCATION
ADDED from src\main\AndroidManifest.xml:26:5-81
	android:name
		ADDED from src\main\AndroidManifest.xml:26:22-78
uses-permission#android.permission.ACCESS_FINE_LOCATION
ADDED from src\main\AndroidManifest.xml:27:5-79
	android:name
		ADDED from src\main\AndroidManifest.xml:27:22-76
uses-permission#android.permission.ACCESS_NETWORK_STATE
ADDED from src\main\AndroidManifest.xml:28:5-79
	android:name
		ADDED from src\main\AndroidManifest.xml:28:22-76
uses-permission#android.permission.CHANGE_WIFI_STATE
ADDED from src\main\AndroidManifest.xml:29:5-76
	android:name
		ADDED from src\main\AndroidManifest.xml:29:22-73
uses-permission#android.permission.READ_PHONE_STATE
ADDED from src\main\AndroidManifest.xml:30:5-75
	android:name
		ADDED from src\main\AndroidManifest.xml:30:22-72
uses-permission#android.permission.INTERNET
ADDED from src\main\AndroidManifest.xml:32:5-67
	android:name
		ADDED from src\main\AndroidManifest.xml:32:22-64
uses-permission#android.permission.READ_LOGS
ADDED from src\main\AndroidManifest.xml:33:5-68
	android:name
		ADDED from src\main\AndroidManifest.xml:33:22-65
uses-permission#android.permission.ACCESS_WIFI_STATE
ADDED from src\main\AndroidManifest.xml:34:5-76
	android:name
		ADDED from src\main\AndroidManifest.xml:34:22-73
uses-permission#android.permission.WRITE_SETTINGS
ADDED from src\main\AndroidManifest.xml:35:5-73
	android:name
		ADDED from src\main\AndroidManifest.xml:35:22-70
uses-permission#android.permission.RECORD_AUDIO
ADDED from src\main\AndroidManifest.xml:36:5-71
	android:name
		ADDED from src\main\AndroidManifest.xml:36:22-68
uses-permission#android.permission.CHANGE_NETWORK_STATE
ADDED from src\main\AndroidManifest.xml:37:5-79
	android:name
		ADDED from src\main\AndroidManifest.xml:37:22-76
uses-permission#android.permission.CAMERA
ADDED from src\main\AndroidManifest.xml:38:5-65
	android:name
		ADDED from src\main\AndroidManifest.xml:38:22-62
uses-permission#android.permission.FLASHLIGHT
ADDED from src\main\AndroidManifest.xml:39:5-69
	android:name
		ADDED from src\main\AndroidManifest.xml:39:22-66
uses-permission#android.permission.VIBRATE
ADDED from src\main\AndroidManifest.xml:40:5-66
	android:name
		ADDED from src\main\AndroidManifest.xml:40:22-63
uses-permission#android.permission.SYSTEM_ALERT_WINDOW
ADDED from src\main\AndroidManifest.xml:41:5-78
	android:name
		ADDED from src\main\AndroidManifest.xml:41:22-75
uses-permission#android.permission.MANAGE_ACCOUNTS
ADDED from src\main\AndroidManifest.xml:42:5-74
	android:name
		ADDED from src\main\AndroidManifest.xml:42:22-71
uses-permission#android.permission.GET_ACCOUNTS
ADDED from src\main\AndroidManifest.xml:43:5-71
MERGED from [:library] AndroidManifest.xml:10:5-71
MERGED from [:library] AndroidManifest.xml:10:5-71
	android:name
		ADDED from src\main\AndroidManifest.xml:43:22-68
uses-feature#android.hardware.camera
ADDED from src\main\AndroidManifest.xml:45:5-60
	android:name
		ADDED from src\main\AndroidManifest.xml:45:19-57
uses-feature#android.hardware.camera.autofocus
ADDED from src\main\AndroidManifest.xml:46:5-70
	android:name
		ADDED from src\main\AndroidManifest.xml:46:19-67
application
ADDED from src\main\AndroidManifest.xml:48:5-203:19
MERGED from [com.android.support:appcompat-v7:25.0.1] AndroidManifest.xml:25:5-20
MERGED from [com.android.support:appcompat-v7:25.0.1] AndroidManifest.xml:25:5-20
MERGED from [com.android.support:support-v4:25.0.1] AndroidManifest.xml:25:5-20
MERGED from [com.android.support:support-v4:25.0.1] AndroidManifest.xml:25:5-20
MERGED from [com.android.support:animated-vector-drawable:25.0.1] AndroidManifest.xml:22:5-20
MERGED from [com.android.support:animated-vector-drawable:25.0.1] AndroidManifest.xml:22:5-20
MERGED from [com.android.support:support-vector-drawable:25.0.1] AndroidManifest.xml:23:5-20
MERGED from [com.android.support:support-vector-drawable:25.0.1] AndroidManifest.xml:23:5-20
MERGED from [com.android.support:support-fragment:25.0.1] AndroidManifest.xml:25:5-20
MERGED from [com.android.support:support-fragment:25.0.1] AndroidManifest.xml:25:5-20
MERGED from [com.android.support:support-media-compat:25.0.1] AndroidManifest.xml:25:5-20
MERGED from [com.android.support:support-media-compat:25.0.1] AndroidManifest.xml:25:5-20
MERGED from [com.android.support:support-core-utils:25.0.1] AndroidManifest.xml:25:5-20
MERGED from [com.android.support:support-core-utils:25.0.1] AndroidManifest.xml:25:5-20
MERGED from [com.android.support:support-core-ui:25.0.1] AndroidManifest.xml:25:5-20
MERGED from [com.android.support:support-core-ui:25.0.1] AndroidManifest.xml:25:5-20
MERGED from [com.android.support:support-compat:25.0.1] AndroidManifest.xml:25:5-20
MERGED from [com.android.support:support-compat:25.0.1] AndroidManifest.xml:25:5-20
	android:label
		ADDED from src\main\AndroidManifest.xml:53:9-41
	android:icon
		ADDED from src\main\AndroidManifest.xml:52:9-42
	android:allowBackup
		ADDED from src\main\AndroidManifest.xml:51:9-35
	android:theme
		ADDED from src\main\AndroidManifest.xml:54:9-40
	android:usesCleartextTraffic
		ADDED from src\main\AndroidManifest.xml:49:9-44
	android:name
		ADDED from src\main\AndroidManifest.xml:50:9-36
uses-library#org.apache.http.legacy
ADDED from src\main\AndroidManifest.xml:56:9-88
	android:required
		ADDED from src\main\AndroidManifest.xml:56:61-85
	android:name
		ADDED from src\main\AndroidManifest.xml:56:23-60
activity#com.cz.activity.LoginActivity
ADDED from src\main\AndroidManifest.xml:58:9-69:20
	android:screenOrientation
		ADDED from src\main\AndroidManifest.xml:61:13-50
	android:label
		ADDED from src\main\AndroidManifest.xml:60:13-45
	android:theme
		ADDED from src\main\AndroidManifest.xml:62:13-47
	android:name
		ADDED from src\main\AndroidManifest.xml:59:13-57
intent-filter#action:name:android.intent.action.MAIN+category:name:android.intent.category.LAUNCHER
ADDED from src\main\AndroidManifest.xml:64:13-68:29
action#android.intent.action.MAIN
ADDED from src\main\AndroidManifest.xml:65:17-69
	android:name
		ADDED from src\main\AndroidManifest.xml:65:25-66
category#android.intent.category.LAUNCHER
ADDED from src\main\AndroidManifest.xml:67:17-77
	android:name
		ADDED from src\main\AndroidManifest.xml:67:27-74
service#com.cz.service.Sensor_in_service
ADDED from src\main\AndroidManifest.xml:71:9-68
	android:name
		ADDED from src\main\AndroidManifest.xml:71:18-65
service#com.cz.service.Sensor_out_service
ADDED from src\main\AndroidManifest.xml:72:9-69
	android:name
		ADDED from src\main\AndroidManifest.xml:72:18-66
service#com.cz.service.Led_in_service
ADDED from src\main\AndroidManifest.xml:73:9-65
	android:name
		ADDED from src\main\AndroidManifest.xml:73:18-62
service#com.cz.service.Led_out_service
ADDED from src\main\AndroidManifest.xml:74:9-66
	android:name
		ADDED from src\main\AndroidManifest.xml:74:18-63
activity#com.zld.ui.ZldNewActivity
ADDED from src\main\AndroidManifest.xml:76:9-82:20
	android:screenOrientation
		ADDED from src\main\AndroidManifest.xml:78:13-50
	android:name
		ADDED from src\main\AndroidManifest.xml:77:13-46
intent-filter#action:name:android.intent.action.homeexit
ADDED from src\main\AndroidManifest.xml:79:13-81:29
action#android.intent.action.homeexit
ADDED from src\main\AndroidManifest.xml:80:17-73
	android:name
		ADDED from src\main\AndroidManifest.xml:80:25-70
activity#com.cz.activity.ZldNew2Activity
ADDED from src\main\AndroidManifest.xml:83:9-89:20
	android:screenOrientation
		ADDED from src\main\AndroidManifest.xml:85:13-50
	android:name
		ADDED from src\main\AndroidManifest.xml:84:13-59
activity#com.zld.ui.LoginActivity
ADDED from src\main\AndroidManifest.xml:90:9-93:62
	android:screenOrientation
		ADDED from src\main\AndroidManifest.xml:93:13-50
	android:label
		ADDED from src\main\AndroidManifest.xml:92:13-50
	android:name
		ADDED from src\main\AndroidManifest.xml:91:13-45
activity#com.vzvison.MainActivity
ADDED from src\main\AndroidManifest.xml:94:9-96:62
	android:screenOrientation
		ADDED from src\main\AndroidManifest.xml:96:13-50
	android:name
		ADDED from src\main\AndroidManifest.xml:95:13-52
activity#com.zld.ui.ChooseWorkstationActivity
ADDED from src\main\AndroidManifest.xml:97:9-103:20
	android:screenOrientation
		ADDED from src\main\AndroidManifest.xml:99:13-50
	android:name
		ADDED from src\main\AndroidManifest.xml:98:13-57
activity#com.cz.activity.ChooseWorkstation2Activity
ADDED from src\main\AndroidManifest.xml:104:9-111:20
	android:screenOrientation
		ADDED from src\main\AndroidManifest.xml:106:13-50
	android:name
		ADDED from src\main\AndroidManifest.xml:105:13-70
activity#com.zld.ui.BaseActivity
ADDED from src\main\AndroidManifest.xml:112:9-114:62
	android:screenOrientation
		ADDED from src\main\AndroidManifest.xml:114:13-50
	android:name
		ADDED from src\main\AndroidManifest.xml:113:13-44
activity#com.zld.ui.BackgroundActivity
ADDED from src\main\AndroidManifest.xml:115:9-118:62
	android:screenOrientation
		ADDED from src\main\AndroidManifest.xml:118:13-50
	android:label
		ADDED from src\main\AndroidManifest.xml:117:13-55
	android:name
		ADDED from src\main\AndroidManifest.xml:116:13-50
receiver#com.zld.receiver.StartupReceiver
ADDED from src\main\AndroidManifest.xml:119:9-125:20
	android:name
		ADDED from src\main\AndroidManifest.xml:119:19-59
intent-filter#action:name:android.intent.action.BOOT_COMPLETED+category:name:android.intent.category.HOME
ADDED from src\main\AndroidManifest.xml:120:13-124:29
action#android.intent.action.BOOT_COMPLETED
ADDED from src\main\AndroidManifest.xml:121:17-79
	android:name
		ADDED from src\main\AndroidManifest.xml:121:25-76
category#android.intent.category.HOME
ADDED from src\main\AndroidManifest.xml:123:17-73
	android:name
		ADDED from src\main\AndroidManifest.xml:123:27-70
service#com.gongnen.CameraTimerService
ADDED from src\main\AndroidManifest.xml:127:9-66
	android:name
		ADDED from src\main\AndroidManifest.xml:127:18-63
service#com.zld.service.PollingService
ADDED from src\main\AndroidManifest.xml:128:9-136:19
	android:exported
		ADDED from src\main\AndroidManifest.xml:130:13-37
	android:name
		ADDED from src\main\AndroidManifest.xml:129:13-51
intent-filter#action:name:com.zld.service.Polling_Service+category:name:android.intent.category.LAUNCHER
ADDED from src\main\AndroidManifest.xml:131:13-135:29
action#com.zld.service.Polling_Service
ADDED from src\main\AndroidManifest.xml:132:17-74
	android:name
		ADDED from src\main\AndroidManifest.xml:132:25-71
service#com.zld.service.ShareUiService
ADDED from src\main\AndroidManifest.xml:137:9-143:19
	android:exported
		ADDED from src\main\AndroidManifest.xml:139:13-37
	android:name
		ADDED from src\main\AndroidManifest.xml:138:13-51
intent-filter#action:name:com.zld.service.ShareUi_Service
ADDED from src\main\AndroidManifest.xml:140:13-142:29
action#com.zld.service.ShareUi_Service
ADDED from src\main\AndroidManifest.xml:141:17-74
	android:name
		ADDED from src\main\AndroidManifest.xml:141:25-71
service#com.zld.service.DownLoadService
ADDED from src\main\AndroidManifest.xml:144:9-150:19
	android:exported
		ADDED from src\main\AndroidManifest.xml:146:13-37
	android:name
		ADDED from src\main\AndroidManifest.xml:145:13-52
intent-filter#action:name:com.zld.service.DownLoadImage_Service
ADDED from src\main\AndroidManifest.xml:147:13-149:29
action#com.zld.service.DownLoadImage_Service
ADDED from src\main\AndroidManifest.xml:148:17-80
	android:name
		ADDED from src\main\AndroidManifest.xml:148:25-77
service#com.zld.service.HomeExitPageService
ADDED from src\main\AndroidManifest.xml:151:9-158:19
	android:process
		ADDED from src\main\AndroidManifest.xml:154:13-38
	android:exported
		ADDED from src\main\AndroidManifest.xml:153:13-37
	android:name
		ADDED from src\main\AndroidManifest.xml:152:13-56
intent-filter#action:name:com.zld.service.homeexit_ervice
ADDED from src\main\AndroidManifest.xml:155:13-157:29
action#com.zld.service.homeexit_ervice
ADDED from src\main\AndroidManifest.xml:156:17-74
	android:name
		ADDED from src\main\AndroidManifest.xml:156:25-71
service#com.zld.service.UpdateService
ADDED from src\main\AndroidManifest.xml:159:9-66
	android:name
		ADDED from src\main\AndroidManifest.xml:159:18-55
service#com.zld.service.DetectionServerService
ADDED from src\main\AndroidManifest.xml:160:9-166:19
	android:exported
		ADDED from src\main\AndroidManifest.xml:162:13-37
	android:name
		ADDED from src\main\AndroidManifest.xml:161:13-59
intent-filter#action:name:com.zld.service.DetectionServer_Service
ADDED from src\main\AndroidManifest.xml:163:13-165:29
action#com.zld.service.DetectionServer_Service
ADDED from src\main\AndroidManifest.xml:164:17-82
	android:name
		ADDED from src\main\AndroidManifest.xml:164:25-79
activity#com.umeng.fb.ConversationActivity
ADDED from src\main\AndroidManifest.xml:168:9-170:63
	android:theme
		ADDED from src\main\AndroidManifest.xml:170:13-60
	android:name
		ADDED from src\main\AndroidManifest.xml:169:13-61
activity#com.umeng.fb.ContactActivity
ADDED from src\main\AndroidManifest.xml:171:9-173:63
	android:theme
		ADDED from src\main\AndroidManifest.xml:173:13-60
	android:name
		ADDED from src\main\AndroidManifest.xml:172:13-56
meta-data#android.support.UI_OPTIONS
ADDED from src\main\AndroidManifest.xml:175:9-177:56
	android:value
		ADDED from src\main\AndroidManifest.xml:177:13-53
	android:name
		ADDED from src\main\AndroidManifest.xml:176:13-54
meta-data#UMENG_APPKEY
ADDED from src\main\AndroidManifest.xml:178:9-180:56
	android:value
		ADDED from src\main\AndroidManifest.xml:180:13-53
	android:name
		ADDED from src\main\AndroidManifest.xml:179:13-40
meta-data#UMENG_CHANNEL
ADDED from src\main\AndroidManifest.xml:182:9-184:45
	android:value
		ADDED from src\main\AndroidManifest.xml:184:13-42
	android:name
		ADDED from src\main\AndroidManifest.xml:183:13-41
meta-data#BluewareChannel
ADDED from src\main\AndroidManifest.xml:185:9-187:45
	android:value
		ADDED from src\main\AndroidManifest.xml:187:13-42
	android:name
		ADDED from src\main\AndroidManifest.xml:186:13-43
activity#cn.sharesdk.framework.ShareSDKUIShell
ADDED from src\main\AndroidManifest.xml:188:9-202:20
	android:screenOrientation
		ADDED from src\main\AndroidManifest.xml:191:13-50
	android:windowSoftInputMode
		ADDED from src\main\AndroidManifest.xml:193:13-67
	android:configChanges
		ADDED from src\main\AndroidManifest.xml:190:13-74
	android:theme
		ADDED from src\main\AndroidManifest.xml:192:13-72
	android:name
		ADDED from src\main\AndroidManifest.xml:189:13-65
intent-filter#action:name:android.intent.action.VIEW+category:name:android.intent.category.BROWSABLE+category:name:android.intent.category.DEFAULT+data:scheme:tencent100371282
ADDED from src\main\AndroidManifest.xml:194:13-201:29
data
ADDED from src\main\AndroidManifest.xml:195:17-59
	android:scheme
		ADDED from src\main\AndroidManifest.xml:195:23-56
action#android.intent.action.VIEW
ADDED from src\main\AndroidManifest.xml:197:17-69
	android:name
		ADDED from src\main\AndroidManifest.xml:197:25-66
category#android.intent.category.BROWSABLE
ADDED from src\main\AndroidManifest.xml:199:17-78
	android:name
		ADDED from src\main\AndroidManifest.xml:199:27-75
category#android.intent.category.DEFAULT
ADDED from src\main\AndroidManifest.xml:200:17-76
	android:name
		ADDED from src\main\AndroidManifest.xml:200:27-73
uses-sdk
INJECTED from src\main\AndroidManifest.xml reason: use-sdk injection requested
INJECTED from src\main\AndroidManifest.xml
INJECTED from src\main\AndroidManifest.xml
MERGED from [:library] AndroidManifest.xml:7:5-9:41
MERGED from [:library] AndroidManifest.xml:7:5-9:41
MERGED from [com.android.support:appcompat-v7:25.0.1] AndroidManifest.xml:21:5-23:78
MERGED from [com.android.support:appcompat-v7:25.0.1] AndroidManifest.xml:21:5-23:78
MERGED from [com.android.support:support-v4:25.0.1] AndroidManifest.xml:21:5-23:54
MERGED from [com.android.support:support-v4:25.0.1] AndroidManifest.xml:21:5-23:54
MERGED from [com.android.support:animated-vector-drawable:25.0.1] AndroidManifest.xml:20:5-44
MERGED from [com.android.support:animated-vector-drawable:25.0.1] AndroidManifest.xml:20:5-44
MERGED from [com.android.support:support-vector-drawable:25.0.1] AndroidManifest.xml:21:5-43
MERGED from [com.android.support:support-vector-drawable:25.0.1] AndroidManifest.xml:21:5-43
MERGED from [com.android.support:support-fragment:25.0.1] AndroidManifest.xml:21:5-23:60
MERGED from [com.android.support:support-fragment:25.0.1] AndroidManifest.xml:21:5-23:60
MERGED from [com.android.support:support-media-compat:25.0.1] AndroidManifest.xml:21:5-23:63
MERGED from [com.android.support:support-media-compat:25.0.1] AndroidManifest.xml:21:5-23:63
MERGED from [com.android.support:support-core-utils:25.0.1] AndroidManifest.xml:21:5-23:61
MERGED from [com.android.support:support-core-utils:25.0.1] AndroidManifest.xml:21:5-23:61
MERGED from [com.android.support:support-core-ui:25.0.1] AndroidManifest.xml:21:5-23:58
MERGED from [com.android.support:support-core-ui:25.0.1] AndroidManifest.xml:21:5-23:58
MERGED from [com.android.support:support-compat:25.0.1] AndroidManifest.xml:21:5-23:58
MERGED from [com.android.support:support-compat:25.0.1] AndroidManifest.xml:21:5-23:58
INJECTED from src\main\AndroidManifest.xml
INJECTED from src\main\AndroidManifest.xml
	tools:overrideLibrary
		ADDED from [com.android.support:appcompat-v7:25.0.1] AndroidManifest.xml:23:9-75
	android:targetSdkVersion
		INJECTED from src\main\AndroidManifest.xml
		ADDED from src\main\AndroidManifest.xml
		INJECTED from src\main\AndroidManifest.xml
	android:minSdkVersion
		INJECTED from src\main\AndroidManifest.xml
		ADDED from src\main\AndroidManifest.xml
		INJECTED from src\main\AndroidManifest.xml
uses-permission#android.permission.READ_PROFILE
ADDED from [:library] AndroidManifest.xml:11:5-71
	android:name
		ADDED from [:library] AndroidManifest.xml:11:22-68
uses-permission#android.permission.READ_CONTACTS
ADDED from [:library] AndroidManifest.xml:12:5-72
	android:name
		ADDED from [:library] AndroidManifest.xml:12:22-69